#
# A fatal error has been detected by the Java Runtime Environment:
#
#  EXCEPTION_ACCESS_VIOLATION (0xc0000005) at pc=0x000000006c7582b5, pid=6364, tid=5180
#
# JRE version: Java(TM) SE Runtime Environment (8.0_45-b15) (build 1.8.0_45-b15)
# Java VM: Java HotSpot(TM) 64-Bit Server VM (25.45-b02 mixed mode windows-amd64 compressed oops)
# Problematic frame:
# V  [jvm.dll+0x1282b5]
#
# Failed to write core dump. Minidumps are not enabled by default on client versions of Windows
#
# If you would like to submit a bug report, please visit:
#   http://bugreport.java.com/bugreport/crash.jsp
#

---------------  T H R E A D  ---------------

Current thread (0x000000001bc6b000):  JavaThread "JDWP Transport Listener: dt_socket" daemon [_thread_in_vm, id=5180, stack(0x000000001d6a0000,0x000000001d7a0000)]

siginfo: ExceptionCode=0xc0000005, reading address 0xffffffffffffffff

Registers:
RAX=0x000000001d79f001, RBX=0x000000001bc6b000, RCX=0x746361466e6f6974, RDX=0x0000000000000000
RSP=0x000000001d79f020, RBP=0x746361466e6f6974, RSI=0x000000001d79f138, RDI=0x00000000023f29c0
R8 =0x000000001bc6b000, R9 =0x0000000000000001, R10=0x0000000000008000, R11=0x000000001d79ef70
R12=0x0000000000000000, R13=0x000000001bc5b078, R14=0x0000000000000000, R15=0x0000000000000000
RIP=0x000000006c7582b5, EFLAGS=0x0000000000010206

Top of Stack: (sp=0x000000001d79f020)
0x000000001d79f020:   000000001bc6b000 000000001bc6b000
0x000000001d79f030:   000000001d79f0e8 000000006c95c7db
0x000000001d79f040:   000000001bc6b000 000000006c97903d
0x000000001d79f050:   0000000000000000 000000006c349155
0x000000001d79f060:   000000001f8d2ca8 000000006c35291e
0x000000001d79f070:   000000001bc6b000 0000000000000000
0x000000001d79f080:   0000000000000000 0000000000000000
0x000000001d79f090:   746361466e6f6974 000000006c351a15
0x000000001d79f0a0:   000000001d79f138 000000001d79f110
0x000000001d79f0b0:   0000000000000001 000000001f8d2ca8
0x000000001d79f0c0:   746361466e6f6974 000000006c3353b3
0x000000001d79f0d0:   000000001d79f200 0000000000000001
0x000000001d79f0e0:   0000000000000001 000000001f8d2ca8
0x000000001d79f0f0:   0000000000000001 0000000000000000
0x000000001d79f100:   0000000000000000 0000000000000000
0x000000001d79f110:   0000000000000001 000000006c335571 

Instructions: (pc=0x000000006c7582b5)
0x000000006c758295:   cc cc cc cc cc cc cc cc cc cc cc 48 83 ec 28 48
0x000000006c7582a5:   85 c9 75 07 33 c0 48 83 c4 28 c3 48 89 5c 24 20
0x000000006c7582b5:   48 8b 19 48 85 db 74 20 48 83 fb 37 74 1a 48 8b
0x000000006c7582c5:   13 48 8b cb ff 52 10 84 c0 74 0d 48 8b c3 48 8b 


Register to memory mapping:

RAX=0x000000001d79f001 is pointing into the stack for thread: 0x000000001bc6b000
RBX=0x000000001bc6b000 is a thread
RCX=0x746361466e6f6974 is an unknown value
RDX=0x0000000000000000 is an unknown value
RSP=0x000000001d79f020 is pointing into the stack for thread: 0x000000001bc6b000
RBP=0x746361466e6f6974 is an unknown value
RSI=0x000000001d79f138 is pointing into the stack for thread: 0x000000001bc6b000
RDI=0x00000000023f29c0 is an unknown value
R8 =0x000000001bc6b000 is a thread
R9 =0x0000000000000001 is an unknown value
R10=0x0000000000008000 is an unknown value
R11=0x000000001d79ef70 is pointing into the stack for thread: 0x000000001bc6b000
R12=0x0000000000000000 is an unknown value
R13=0x000000001bc5b078 is an unknown value
R14=0x0000000000000000 is an unknown value
R15=0x0000000000000000 is an unknown value


Stack: [0x000000001d6a0000,0x000000001d7a0000],  sp=0x000000001d79f020,  free space=1020k
Native frames: (J=compiled Java code, j=interpreted, Vv=VM code, C=native code)
V  [jvm.dll+0x1282b5]
V  [jvm.dll+0x34903d]
C  [jdwp.dll+0x21a15]
C  [jdwp.dll+0x53b3]
C  [jdwp.dll+0x5571]
C  [jdwp.dll+0xf0a8]
C  [jdwp.dll+0x1f2d5]
C  [jdwp.dll+0x1f4aa]
V  [jvm.dll+0x1bae98]
V  [jvm.dll+0x241984]
V  [jvm.dll+0x29853a]
C  [msvcr100.dll+0x21d9f]
C  [msvcr100.dll+0x21e3b]
C  [KERNEL32.DLL+0x17bd4]
C  [ntdll.dll+0x6ce51]


---------------  P R O C E S S  ---------------

Java Threads: ( => current thread )
  0x0000000021a87800 JavaThread "DestroyJavaVM" [_thread_blocked, id=15592, stack(0x00000000022f0000,0x00000000023f0000)]
  0x0000000021a85800 JavaThread "http-nio-8123-Acceptor" daemon [_thread_in_native, id=16784, stack(0x0000000024380000,0x0000000024480000)]
  0x0000000021a82800 JavaThread "http-nio-8123-ClientPoller" daemon [_thread_in_native, id=11876, stack(0x0000000024280000,0x0000000024380000)]
  0x0000000021a84000 JavaThread "http-nio-8123-exec-10" daemon [_thread_blocked, id=4424, stack(0x0000000024080000,0x0000000024180000)]
  0x0000000021a83000 JavaThread "http-nio-8123-exec-9" daemon [_thread_blocked, id=12664, stack(0x0000000023f80000,0x0000000024080000)]
  0x0000000021a87000 JavaThread "http-nio-8123-exec-8" daemon [_thread_blocked, id=6516, stack(0x0000000023e80000,0x0000000023f80000)]
  0x0000000021a84800 JavaThread "http-nio-8123-exec-7" daemon [_thread_blocked, id=15496, stack(0x0000000023d80000,0x0000000023e80000)]
  0x0000000021a81000 JavaThread "http-nio-8123-exec-6" daemon [_thread_blocked, id=16800, stack(0x0000000023c80000,0x0000000023d80000)]
  0x00000000216e3800 JavaThread "http-nio-8123-exec-5" daemon [_thread_blocked, id=10364, stack(0x0000000023b80000,0x0000000023c80000)]
  0x00000000216e2000 JavaThread "http-nio-8123-exec-4" daemon [_thread_blocked, id=17088, stack(0x0000000023a80000,0x0000000023b80000)]
  0x00000000216e1800 JavaThread "http-nio-8123-exec-3" daemon [_thread_blocked, id=12476, stack(0x0000000023980000,0x0000000023a80000)]
  0x00000000216e6800 JavaThread "http-nio-8123-exec-2" daemon [_thread_blocked, id=12784, stack(0x0000000023880000,0x0000000023980000)]
  0x00000000216e6000 JavaThread "http-nio-8123-exec-1" daemon [_thread_blocked, id=16392, stack(0x0000000023780000,0x0000000023880000)]
  0x00000000216e4800 JavaThread "http-nio-8123-BlockPoller" daemon [_thread_in_native, id=8520, stack(0x0000000023580000,0x0000000023680000)]
  0x00000000216e8000 JavaThread "Live Reload Server" daemon [_thread_in_native, id=15564, stack(0x0000000023680000,0x0000000023780000)]
  0x00000000216e3000 JavaThread "File Watcher" daemon [_thread_blocked, id=12536, stack(0x0000000023480000,0x0000000023580000)]
  0x00000000217fe800 JavaThread "container-0" [_thread_blocked, id=8864, stack(0x0000000022a80000,0x0000000022b80000)]
  0x00000000217fd800 JavaThread "Catalina-utility-2" [_thread_blocked, id=16480, stack(0x0000000022980000,0x0000000022a80000)]
  0x00000000217fd000 JavaThread "Catalina-utility-1" [_thread_blocked, id=2740, stack(0x0000000022880000,0x0000000022980000)]
  0x000000002164b000 JavaThread "HikariPool-1 housekeeper" daemon [_thread_blocked, id=15804, stack(0x0000000022780000,0x0000000022880000)]
  0x000000002164a000 JavaThread "MVStore background writer nio:C:/Users/assingh/Documents/workspace/LicenseServer/database.mv.db" daemon [_thread_blocked, id=17256, stack(0x00000000204b0000,0x00000000205b0000)]
  0x000000001e099800 JavaThread "RMI TCP Accept-0" daemon [_thread_in_native, id=16252, stack(0x000000001eba0000,0x000000001eca0000)]
  0x000000001e095800 JavaThread "RMI TCP Accept-55077" daemon [_thread_in_native, id=16292, stack(0x000000001eaa0000,0x000000001eba0000)]
  0x000000001e081800 JavaThread "RMI TCP Accept-0" daemon [_thread_in_native, id=14548, stack(0x000000001e9a0000,0x000000001eaa0000)]
  0x000000001dee8800 JavaThread "Service Thread" daemon [_thread_blocked, id=6088, stack(0x000000001e8a0000,0x000000001e9a0000)]
  0x000000001de6a800 JavaThread "C1 CompilerThread2" daemon [_thread_blocked, id=16936, stack(0x000000001e7a0000,0x000000001e8a0000)]
  0x000000001de80800 JavaThread "C2 CompilerThread1" daemon [_thread_blocked, id=980, stack(0x000000001e6a0000,0x000000001e7a0000)]
  0x000000001de7f800 JavaThread "C2 CompilerThread0" daemon [_thread_blocked, id=12740, stack(0x000000001e5a0000,0x000000001e6a0000)]
  0x000000001bc71000 JavaThread "JDWP Command Reader" daemon [_thread_in_native, id=13572, stack(0x000000001d8a0000,0x000000001d9a0000)]
  0x000000001bc6e000 JavaThread "JDWP Event Helper Thread" daemon [_thread_blocked, id=15572, stack(0x000000001d7a0000,0x000000001d8a0000)]
=>0x000000001bc6b000 JavaThread "JDWP Transport Listener: dt_socket" daemon [_thread_in_vm, id=5180, stack(0x000000001d6a0000,0x000000001d7a0000)]
  0x000000001bc60800 JavaThread "Attach Listener" daemon [_thread_blocked, id=16420, stack(0x000000001d0d0000,0x000000001d1d0000)]
  0x000000001bc5f800 JavaThread "Signal Dispatcher" daemon [_thread_blocked, id=6520, stack(0x000000001cfd0000,0x000000001d0d0000)]
  0x00000000024ed000 JavaThread "Finalizer" daemon [_thread_blocked, id=11664, stack(0x000000001ced0000,0x000000001cfd0000)]
  0x00000000024e4000 JavaThread "Reference Handler" daemon [_thread_blocked, id=16656, stack(0x000000001cdd0000,0x000000001ced0000)]

Other Threads:
  0x000000001bc18000 VMThread [stack: 0x000000001ccd0000,0x000000001cdd0000] [id=7996]
  0x000000001e09a800 WatcherThread [stack: 0x000000001eca0000,0x000000001eda0000] [id=6856]

VM state:not at safepoint (normal execution)

VM Mutex/Monitor currently owned by a thread: None

Heap:
 PSYoungGen      total 374784K, used 17263K [0x000000076b400000, 0x0000000783e00000, 0x00000007c0000000)
  eden space 357888K, 4% used [0x000000076b400000,0x000000076c4dbcc8,0x0000000781180000)
  from space 16896K, 0% used [0x0000000782d80000,0x0000000782d80000,0x0000000783e00000)
  to   space 18944K, 0% used [0x0000000781900000,0x0000000781900000,0x0000000782b80000)
 ParOldGen       total 219648K, used 28287K [0x00000006c1c00000, 0x00000006cf280000, 0x000000076b400000)
  object space 219648K, 12% used [0x00000006c1c00000,0x00000006c379fc90,0x00000006cf280000)
 Metaspace       used 56317K, capacity 59162K, committed 59392K, reserved 1099776K
  class space    used 7643K, capacity 8158K, committed 8192K, reserved 1048576K

Card table byte_map: [0x0000000011a40000,0x0000000012240000] byte_map_base: 0x000000000e432000

Marking Bits: (ParMarkBitMap*) 0x000000006ce34040
 Begin Bits: [0x0000000012b90000, 0x0000000016b20000)
 End Bits:   [0x0000000016b20000, 0x000000001aab0000)

Polling page: 0x00000000008a0000

CodeCache: size=245760Kb used=9168Kb max_used=9168Kb free=236591Kb
 bounds [0x0000000002680000, 0x0000000002f80000, 0x0000000011680000]
 total_blobs=5173 nmethods=4595 adapters=497
 compilation: enabled

Compilation events (10 events):
Event: 152.470 Thread 0x000000001de6a800 4665   !   1       org.apache.tomcat.util.net.NioEndpoint$Poller::timeout (578 bytes)
Event: 152.472 Thread 0x000000001de6a800 nmethod 4665 0x0000000002f71ed0 code [0x0000000002f72220, 0x0000000002f73338]
Event: 152.946 Thread 0x000000001de6a800 4666       1       org.h2.mvstore.Page::removePage (62 bytes)
Event: 152.947 Thread 0x000000001de6a800 nmethod 4666 0x0000000002f74790 code [0x0000000002f74900, 0x0000000002f74b28]
Event: 152.947 Thread 0x000000001de6a800 4668       1       java.lang.String::getBytes (27 bytes)
Event: 152.948 Thread 0x000000001de6a800 nmethod 4668 0x0000000002f74cd0 code [0x0000000002f74e40, 0x0000000002f75038]
Event: 152.948 Thread 0x000000001de6a800 4667       1       org.h2.mvstore.MVStore::registerUnsavedMemory (36 bytes)
Event: 152.948 Thread 0x000000001de6a800 nmethod 4667 0x0000000002f75150 code [0x0000000002f752a0, 0x0000000002f753d0]
Event: 155.323 Thread 0x000000001de6a800 4669       1       java.util.concurrent.locks.AbstractQueuedSynchronizer$ConditionObject::await (98 bytes)
Event: 155.324 Thread 0x000000001de6a800 nmethod 4669 0x0000000002f75450 code [0x0000000002f75660, 0x0000000002f75ca8]

GC Heap History (10 events):
Event: 4.663 GC heap before
{Heap before GC invocations=9 (full 1):
 PSYoungGen      total 206848K, used 104683K [0x000000076b400000, 0x000000077e780000, 0x00000007c0000000)
  eden space 197120K, 48% used [0x000000076b400000,0x00000007710bf090,0x0000000777480000)
  from space 9728K, 99% used [0x0000000777480000,0x0000000777dfbc58,0x0000000777e00000)
  to   space 12288K, 0% used [0x000000077db80000,0x000000077db80000,0x000000077e780000)
 ParOldGen       total 102912K, used 10464K [0x00000006c1c00000, 0x00000006c8080000, 0x000000076b400000)
  object space 102912K, 10% used [0x00000006c1c00000,0x00000006c2638218,0x00000006c8080000)
 Metaspace       used 33679K, capacity 35450K, committed 35496K, reserved 1081344K
  class space    used 4385K, capacity 4718K, committed 4736K, reserved 1048576K
Event: 4.672 GC heap after
Heap after GC invocations=9 (full 1):
 PSYoungGen      total 301056K, used 11506K [0x000000076b400000, 0x000000077f000000, 0x00000007c0000000)
  eden space 288768K, 0% used [0x000000076b400000,0x000000076b400000,0x000000077ce00000)
  from space 12288K, 93% used [0x000000077db80000,0x000000077e6bca58,0x000000077e780000)
  to   space 13824K, 0% used [0x000000077ce00000,0x000000077ce00000,0x000000077db80000)
 ParOldGen       total 102912K, used 10472K [0x00000006c1c00000, 0x00000006c8080000, 0x000000076b400000)
  object space 102912K, 10% used [0x00000006c1c00000,0x00000006c263a218,0x00000006c8080000)
 Metaspace       used 33679K, capacity 35450K, committed 35496K, reserved 1081344K
  class space    used 4385K, capacity 4718K, committed 4736K, reserved 1048576K
}
Event: 4.672 GC heap before
{Heap before GC invocations=10 (full 2):
 PSYoungGen      total 301056K, used 11506K [0x000000076b400000, 0x000000077f000000, 0x00000007c0000000)
  eden space 288768K, 0% used [0x000000076b400000,0x000000076b400000,0x000000077ce00000)
  from space 12288K, 93% used [0x000000077db80000,0x000000077e6bca58,0x000000077e780000)
  to   space 13824K, 0% used [0x000000077ce00000,0x000000077ce00000,0x000000077db80000)
 ParOldGen       total 102912K, used 10472K [0x00000006c1c00000, 0x00000006c8080000, 0x000000076b400000)
  object space 102912K, 10% used [0x00000006c1c00000,0x00000006c263a218,0x00000006c8080000)
 Metaspace       used 33679K, capacity 35450K, committed 35496K, reserved 1081344K
  class space    used 4385K, capacity 4718K, committed 4736K, reserved 1048576K
Event: 4.722 GC heap after
Heap after GC invocations=10 (full 2):
 PSYoungGen      total 301056K, used 0K [0x000000076b400000, 0x000000077f000000, 0x00000007c0000000)
  eden space 288768K, 0% used [0x000000076b400000,0x000000076b400000,0x000000077ce00000)
  from space 12288K, 0% used [0x000000077db80000,0x000000077db80000,0x000000077e780000)
  to   space 13824K, 0% used [0x000000077ce00000,0x000000077ce00000,0x000000077db80000)
 ParOldGen       total 161280K, used 16124K [0x00000006c1c00000, 0x00000006cb980000, 0x000000076b400000)
  object space 161280K, 9% used [0x00000006c1c00000,0x00000006c2bbf180,0x00000006cb980000)
 Metaspace       used 33679K, capacity 35450K, committed 35496K, reserved 1081344K
  class space    used 4385K, capacity 4718K, committed 4736K, reserved 1048576K
}
Event: 5.992 GC heap before
{Heap before GC invocations=11 (full 2):
 PSYoungGen      total 301056K, used 288768K [0x000000076b400000, 0x000000077f000000, 0x00000007c0000000)
  eden space 288768K, 100% used [0x000000076b400000,0x000000077ce00000,0x000000077ce00000)
  from space 12288K, 0% used [0x000000077db80000,0x000000077db80000,0x000000077e780000)
  to   space 13824K, 0% used [0x000000077ce00000,0x000000077ce00000,0x000000077db80000)
 ParOldGen       total 161280K, used 16124K [0x00000006c1c00000, 0x00000006cb980000, 0x000000076b400000)
  object space 161280K, 9% used [0x00000006c1c00000,0x00000006c2bbf180,0x00000006cb980000)
 Metaspace       used 46866K, capacity 49216K, committed 49536K, reserved 1091584K
  class space    used 6298K, capacity 6747K, committed 6784K, reserved 1048576K
Event: 6.008 GC heap after
Heap after GC invocations=11 (full 2):
 PSYoungGen      total 302592K, used 13792K [0x000000076b400000, 0x0000000783e00000, 0x00000007c0000000)
  eden space 288768K, 0% used [0x000000076b400000,0x000000076b400000,0x000000077ce00000)
  from space 13824K, 99% used [0x000000077ce00000,0x000000077db78070,0x000000077db80000)
  to   space 16896K, 0% used [0x0000000782d80000,0x0000000782d80000,0x0000000783e00000)
 ParOldGen       total 161280K, used 18453K [0x00000006c1c00000, 0x00000006cb980000, 0x000000076b400000)
  object space 161280K, 11% used [0x00000006c1c00000,0x00000006c2e056f8,0x00000006cb980000)
 Metaspace       used 46866K, capacity 49216K, committed 49536K, reserved 1091584K
  class space    used 6298K, capacity 6747K, committed 6784K, reserved 1048576K
}
Event: 131.524 GC heap before
{Heap before GC invocations=12 (full 2):
 PSYoungGen      total 302592K, used 227100K [0x000000076b400000, 0x0000000783e00000, 0x00000007c0000000)
  eden space 288768K, 73% used [0x000000076b400000,0x000000077844f180,0x000000077ce00000)
  from space 13824K, 99% used [0x000000077ce00000,0x000000077db78070,0x000000077db80000)
  to   space 16896K, 0% used [0x0000000782d80000,0x0000000782d80000,0x0000000783e00000)
 ParOldGen       total 161280K, used 18453K [0x00000006c1c00000, 0x00000006cb980000, 0x000000076b400000)
  object space 161280K, 11% used [0x00000006c1c00000,0x00000006c2e056f8,0x00000006cb980000)
 Metaspace       used 56210K, capacity 59060K, committed 59136K, reserved 1099776K
  class space    used 7614K, capacity 8125K, committed 8192K, reserved 1048576K
Event: 131.546 GC heap after
Heap after GC invocations=12 (full 2):
 PSYoungGen      total 374784K, used 16846K [0x000000076b400000, 0x0000000783e00000, 0x00000007c0000000)
  eden space 357888K, 0% used [0x000000076b400000,0x000000076b400000,0x0000000781180000)
  from space 16896K, 99% used [0x0000000782d80000,0x0000000783df3a18,0x0000000783e00000)
  to   space 18944K, 0% used [0x0000000781900000,0x0000000781900000,0x0000000782b80000)
 ParOldGen       total 161280K, used 18461K [0x00000006c1c00000, 0x00000006cb980000, 0x000000076b400000)
  object space 161280K, 11% used [0x00000006c1c00000,0x00000006c2e076f8,0x00000006cb980000)
 Metaspace       used 56210K, capacity 59060K, committed 59136K, reserved 1099776K
  class space    used 7614K, capacity 8125K, committed 8192K, reserved 1048576K
}
Event: 131.546 GC heap before
{Heap before GC invocations=13 (full 3):
 PSYoungGen      total 374784K, used 16846K [0x000000076b400000, 0x0000000783e00000, 0x00000007c0000000)
  eden space 357888K, 0% used [0x000000076b400000,0x000000076b400000,0x0000000781180000)
  from space 16896K, 99% used [0x0000000782d80000,0x0000000783df3a18,0x0000000783e00000)
  to   space 18944K, 0% used [0x0000000781900000,0x0000000781900000,0x0000000782b80000)
 ParOldGen       total 161280K, used 18461K [0x00000006c1c00000, 0x00000006cb980000, 0x000000076b400000)
  object space 161280K, 11% used [0x00000006c1c00000,0x00000006c2e076f8,0x00000006cb980000)
 Metaspace       used 56210K, capacity 59060K, committed 59136K, reserved 1099776K
  class space    used 7614K, capacity 8125K, committed 8192K, reserved 1048576K
Event: 131.712 GC heap after
Heap after GC invocations=13 (full 3):
 PSYoungGen      total 374784K, used 0K [0x000000076b400000, 0x0000000783e00000, 0x00000007c0000000)
  eden space 357888K, 0% used [0x000000076b400000,0x000000076b400000,0x0000000781180000)
  from space 16896K, 0% used [0x0000000782d80000,0x0000000782d80000,0x0000000783e00000)
  to   space 18944K, 0% used [0x0000000781900000,0x0000000781900000,0x0000000782b80000)
 ParOldGen       total 219648K, used 28287K [0x00000006c1c00000, 0x00000006cf280000, 0x000000076b400000)
  object space 219648K, 12% used [0x00000006c1c00000,0x00000006c379fc90,0x00000006cf280000)
 Metaspace       used 56210K, capacity 59060K, committed 59136K, reserved 1099776K
  class space    used 7614K, capacity 8125K, committed 8192K, reserved 1048576K
}

Deoptimization events (0 events):
No events

Internal exceptions (10 events):
Event: 131.508 Thread 0x0000000021a81000 Exception <a 'java/lang/reflect/InvocationTargetException'> (0x000000077826c438) thrown at [C:\re\workspace\8-2-build-windows-amd64-cygwin\jdk8u45\3627\hotspot\src\share\vm\runtime\reflection.cpp, line 1080]
Event: 131.729 Thread 0x0000000021a81000 Exception <a 'java/lang/ClassNotFoundException': org.hibernate.internal.SessionImpl$$Lambda$826/1863756748> (0x000000076b6a5b70) thrown at [C:\re\workspace\8-2-build-windows-amd64-cygwin\jdk8u45\3627\hotspot\src\share\vm\prims\jni.cpp, line 735]
Event: 131.729 Thread 0x0000000021a81000 Exception <a 'java/lang/ClassNotFoundException': org.hibernate.internal.SessionImpl$$Lambda$826/1863756748> (0x000000076b6a79b0) thrown at [C:\re\workspace\8-2-build-windows-amd64-cygwin\jdk8u45\3627\hotspot\src\share\vm\prims\jni.cpp, line 735]
Event: 131.730 Thread 0x0000000021a81000 Exception <a 'java/lang/ClassNotFoundException': org.springframework.transaction.interceptor.TransactionInterceptor$$Lambda$799/1028567432> (0x000000076b6c2868) thrown at [C:\re\workspace\8-2-build-windows-amd64-cygwin\jdk8u45\3627\hotspot\src\share\vm\priÅ£”©aw`@
Event: 131.731 Thread 0x0000000021a81000 Exception <a 'java/lang/ClassNotFoundException': org.springframework.transaction.interceptor.TransactionInterceptor$$Lambda$799/1028567432> (0x000000076b6c4b68) thrown at [C:\re\workspace\8-2-build-windows-amd64-cygwin\jdk8u45\3627\hotspot\src\share\vm\pri⁄R¨øJy`@
Event: 131.790 Thread 0x0000000021a81000 Exception <a 'java/lang/ArrayIndexOutOfBoundsException'> (0x000000076b936040) thrown at [C:\re\workspace\8-2-build-windows-amd64-cygwin\jdk8u45\3627\hotspot\src\share\vm\runtime\sharedRuntime.cpp, line 605]
Event: 131.790 Thread 0x0000000021a81000 Exception <a 'java/lang/ArrayIndexOutOfBoundsException'> (0x000000076b9373d8) thrown at [C:\re\workspace\8-2-build-windows-amd64-cygwin\jdk8u45\3627\hotspot\src\share\vm\runtime\sharedRuntime.cpp, line 605]
Event: 131.792 Thread 0x0000000021a81000 Exception <a 'java/lang/ArrayIndexOutOfBoundsException'> (0x000000076b953638) thrown at [C:\re\workspace\8-2-build-windows-amd64-cygwin\jdk8u45\3627\hotspot\src\share\vm\runtime\sharedRuntime.cpp, line 605]
Event: 131.799 Thread 0x0000000021a81000 Exception <a 'java/lang/ArrayIndexOutOfBoundsException'> (0x000000076ba487a0) thrown at [C:\re\workspace\8-2-build-windows-amd64-cygwin\jdk8u45\3627\hotspot\src\share\vm\runtime\sharedRuntime.cpp, line 605]
Event: 131.800 Thread 0x0000000021a81000 Exception <a 'java/lang/ArrayIndexOutOfBoundsException'> (0x000000076ba5d508) thrown at [C:\re\workspace\8-2-build-windows-amd64-cygwin\jdk8u45\3627\hotspot\src\share\vm\runtime\sharedRuntime.cpp, line 605]

Events (10 events):
Event: 131.801 loading class com/fasterxml/jackson/databind/ser/impl/PropertySerializerMap$Multi
Event: 131.801 loading class com/fasterxml/jackson/databind/ser/impl/PropertySerializerMap$Multi done
Event: 131.801 Thread 0x0000000021a81000 DEOPT PACKING pc=0x00000000028ada91 sp=0x0000000023d7bc20
Event: 131.801 Thread 0x0000000021a81000 DEOPT UNPACKING pc=0x00000000026c787f sp=0x0000000023d7b970 mode 1
Event: 131.801 Thread 0x0000000021a81000 DEOPT PACKING pc=0x0000000002f546c4 sp=0x0000000023d7bca0
Event: 131.801 Thread 0x0000000021a81000 DEOPT UNPACKING pc=0x00000000026c787f sp=0x0000000023d7bac0 mode 1
Event: 131.801 Thread 0x0000000021a81000 DEOPT PACKING pc=0x0000000002f5460c sp=0x0000000023d7be30
Event: 131.801 Thread 0x0000000021a81000 DEOPT UNPACKING pc=0x00000000026c787f sp=0x0000000023d7bc50 mode 1
Event: 159.907 Executing VM operation: RedefineClasses
Event: 159.936 Executing VM operation: RedefineClasses done


Dynamic libraries:
0x00007ff65f310000 - 0x00007ff65f347000 	C:\Users\assingh\Documents\Softwares\jdk1.8.0_45\bin\javaw.exe
0x00007ffa0c720000 - 0x00007ffa0c910000 	C:\Windows\SYSTEM32\ntdll.dll
0x00007ffa0a9b0000 - 0x00007ffa0aa62000 	C:\Windows\System32\KERNEL32.DLL
0x00007ffa09880000 - 0x00007ffa09b24000 	C:\Windows\System32\KERNELBASE.dll
0x00007ffa0c180000 - 0x00007ffa0c223000 	C:\Windows\System32\ADVAPI32.dll
0x00007ffa0abc0000 - 0x00007ffa0ac5e000 	C:\Windows\System32\msvcrt.dll
0x00007ffa0ac60000 - 0x00007ffa0acf7000 	C:\Windows\System32\sechost.dll
0x00007ffa0aaa0000 - 0x00007ffa0abc0000 	C:\Windows\System32\RPCRT4.dll
0x00007ffa0ba80000 - 0x00007ffa0bc14000 	C:\Windows\System32\USER32.dll
0x00007ffa0a720000 - 0x00007ffa0a741000 	C:\Windows\System32\win32u.dll
0x00007ffa0aa70000 - 0x00007ffa0aa96000 	C:\Windows\System32\GDI32.dll
0x00007ffa0a550000 - 0x00007ffa0a6e5000 	C:\Windows\System32\gdi32full.dll
0x00007ffa09b30000 - 0x00007ffa09bce000 	C:\Windows\System32\msvcp_win.dll
0x00007ffa09c80000 - 0x00007ffa09d7a000 	C:\Windows\System32\ucrtbase.dll
0x00007ff9f79f0000 - 0x00007ff9f7c74000 	C:\Windows\WinSxS\amd64_microsoft.windows.common-controls_6595b64144ccf1df_6.0.18362.900_none_e6beb9d913147d17\COMCTL32.dll
0x00007ffa0c320000 - 0x00007ffa0c655000 	C:\Windows\System32\combase.dll
0x00007ffa0a750000 - 0x00007ffa0a7d0000 	C:\Windows\System32\bcryptPrimitives.dll
0x00007ffa0ae60000 - 0x00007ffa0ae8e000 	C:\Windows\System32\IMM32.DLL
0x000000006c3a0000 - 0x000000006c472000 	C:\Users\assingh\Documents\Softwares\jdk1.8.0_45\jre\bin\msvcr100.dll
0x000000006c630000 - 0x000000006ceb3000 	C:\Users\assingh\Documents\Softwares\jdk1.8.0_45\jre\bin\server\jvm.dll
0x00007ffa0ba70000 - 0x00007ffa0ba78000 	C:\Windows\System32\PSAPI.DLL
0x00007ffa06f20000 - 0x00007ffa06f44000 	C:\Windows\SYSTEM32\WINMM.dll
0x00007ffa01400000 - 0x00007ffa0140a000 	C:\Windows\SYSTEM32\VERSION.dll
0x00007ffa01570000 - 0x00007ffa01579000 	C:\Windows\SYSTEM32\WSOCK32.dll
0x00007ffa06ef0000 - 0x00007ffa06f1d000 	C:\Windows\SYSTEM32\WINMMBASE.dll
0x00007ffa0ba00000 - 0x00007ffa0ba6f000 	C:\Windows\System32\WS2_32.dll
0x00007ffa09d80000 - 0x00007ffa09dca000 	C:\Windows\System32\cfgmgr32.dll
0x000000006c540000 - 0x000000006c54f000 	C:\Users\assingh\Documents\Softwares\jdk1.8.0_45\jre\bin\verify.dll
0x000000006c510000 - 0x000000006c539000 	C:\Users\assingh\Documents\Softwares\jdk1.8.0_45\jre\bin\java.dll
0x000000006c330000 - 0x000000006c365000 	C:\Users\assingh\Documents\Softwares\jdk1.8.0_45\jre\bin\jdwp.dll
0x000000006c320000 - 0x000000006c328000 	C:\Users\assingh\Documents\Softwares\jdk1.8.0_45\jre\bin\npt.dll
0x000000006c2f0000 - 0x000000006c313000 	C:\Users\assingh\Documents\Softwares\jdk1.8.0_45\jre\bin\instrument.dll
0x000000006c4f0000 - 0x000000006c506000 	C:\Users\assingh\Documents\Softwares\jdk1.8.0_45\jre\bin\zip.dll
0x00007ffa0b310000 - 0x00007ffa0b9f6000 	C:\Windows\System32\SHELL32.dll
0x00007ffa0bf80000 - 0x00007ffa0c029000 	C:\Windows\System32\shcore.dll
0x00007ffa09dd0000 - 0x00007ffa0a550000 	C:\Windows\System32\windows.storage.dll
0x00007ffa09660000 - 0x00007ffa09683000 	C:\Windows\System32\profapi.dll
0x00007ffa095f0000 - 0x00007ffa0963a000 	C:\Windows\System32\powrprof.dll
0x00007ffa095e0000 - 0x00007ffa095f0000 	C:\Windows\System32\UMPDC.dll
0x00007ffa0bd60000 - 0x00007ffa0bdb2000 	C:\Windows\System32\shlwapi.dll
0x00007ffa09640000 - 0x00007ffa09651000 	C:\Windows\System32\kernel.appcore.dll
0x00007ffa096b0000 - 0x00007ffa096c7000 	C:\Windows\System32\cryptsp.dll
0x000000006c2e0000 - 0x000000006c2e9000 	C:\Users\assingh\Documents\Softwares\jdk1.8.0_45\jre\bin\dt_socket.dll
0x00007ff9eac40000 - 0x00007ff9eac56000 	C:\Windows\system32\napinsp.dll
0x00007ff9eac60000 - 0x00007ff9eac7a000 	C:\Windows\system32\pnrpnsp.dll
0x00007ffa08da0000 - 0x00007ffa08e07000 	C:\Windows\System32\mswsock.dll
0x00007ffa08b00000 - 0x00007ffa08bcb000 	C:\Windows\SYSTEM32\DNSAPI.dll
0x00007ffa0bf70000 - 0x00007ffa0bf78000 	C:\Windows\System32\NSI.dll
0x00007ffa08ac0000 - 0x00007ffa08afa000 	C:\Windows\SYSTEM32\IPHLPAPI.DLL
0x00007ff9f4280000 - 0x00007ff9f428e000 	C:\Windows\System32\winrnr.dll
0x00007ffa05410000 - 0x00007ffa0542c000 	C:\Windows\system32\NLAapi.dll
0x00007ff9eac80000 - 0x00007ff9eac95000 	C:\Windows\system32\wshbth.dll
0x00007ff9f54c0000 - 0x00007ff9f54d7000 	C:\Windows\system32\PGPlsp.dll
0x00007ffa043b0000 - 0x00007ffa04427000 	C:\Windows\System32\fwpuclnt.dll
0x00007ffa0a6f0000 - 0x00007ffa0a716000 	C:\Windows\System32\bcrypt.dll
0x00007ff9fb6b0000 - 0x00007ff9fb6ba000 	C:\Windows\System32\rasadhlp.dll
0x000000006c390000 - 0x000000006c39d000 	C:\Users\assingh\Documents\Softwares\jdk1.8.0_45\jre\bin\management.dll
0x000000006c4d0000 - 0x000000006c4ea000 	C:\Users\assingh\Documents\Softwares\jdk1.8.0_45\jre\bin\net.dll
0x000000006c4b0000 - 0x000000006c4c1000 	C:\Users\assingh\Documents\Softwares\jdk1.8.0_45\jre\bin\nio.dll
0x00007ffa086b0000 - 0x00007ffa086e3000 	C:\Windows\system32\rsaenh.dll
0x00007ffa09500000 - 0x00007ffa09525000 	C:\Windows\SYSTEM32\USERENV.dll
0x00007ffa08f20000 - 0x00007ffa08f2c000 	C:\Windows\SYSTEM32\CRYPTBASE.dll
0x00007ffa03cb0000 - 0x00007ffa03cc6000 	C:\Windows\SYSTEM32\dhcpcsvc6.DLL
0x00007ffa03c40000 - 0x00007ffa03c5c000 	C:\Windows\SYSTEM32\dhcpcsvc.DLL
0x00007ffa07c50000 - 0x00007ffa07e44000 	C:\Windows\SYSTEM32\dbghelp.dll

VM Arguments:
jvm_args: -agentlib:jdwp=transport=dt_socket,suspend=y,address=localhost:55078 -Dcom.sun.management.jmxremote -Dcom.sun.management.jmxremote.port=55077 -Dcom.sun.management.jmxremote.authenticate=false -Dcom.sun.management.jmxremote.ssl=false -Djava.rmi.server.hostname=localhost -Dspring.jmx.enabled=true -Dspring.application.admin.enabled=true -Xverify:none -XX:TieredStopAtLevel=1 -Dspring.boot.project.name=LicenseServer -javaagent:C:\Users\assingh\eclipse\jee-2020-03\eclipse\configuration\org.eclipse.osgi\411\0\.cp\lib\javaagent-shaded.jar -Dfile.encoding=UTF-8 
java_command: com.tv.LicenseServerApplication
java_class_path (initial): C:\Users\assingh\Documents\workspace\LicenseServer\target\classes;C:\Users\assingh\.m2\repository\org\springframework\boot\spring-boot-starter-jersey\2.3.1.RELEASE\spring-boot-starter-jersey-2.3.1.RELEASE.jar;C:\Users\assingh\.m2\repository\org\springframework\boot\spring-boot-starter-json\2.3.1.RELEASE\spring-boot-starter-json-2.3.1.RELEASE.jar;C:\Users\assingh\.m2\repository\com\fasterxml\jackson\core\jackson-databind\2.11.0\jackson-databind-2.11.0.jar;C:\Users\assingh\.m2\repository\com\fasterxml\jackson\core\jackson-core\2.11.0\jackson-core-2.11.0.jar;C:\Users\assingh\.m2\repository\com\fasterxml\jackson\datatype\jackson-datatype-jdk8\2.11.0\jackson-datatype-jdk8-2.11.0.jar;C:\Users\assingh\.m2\repository\com\fasterxml\jackson\datatype\jackson-datatype-jsr310\2.11.0\jackson-datatype-jsr310-2.11.0.jar;C:\Users\assingh\.m2\repository\com\fasterxml\jackson\module\jackson-module-parameter-names\2.11.0\jackson-module-parameter-names-2.11.0.jar;C:\Users\assingh\.m2\repository\org\springframework\boot\spring-boot-starter-tomcat\2.3.1.RELEASE\spring-boot-starter-tomcat-2.3.1.RELEASE.jar;C:\Users\assingh\.m2\repository\jakarta\annotation\jakarta.annotation-api\1.3.5\jakarta.annotation-api-1.3.5.jar;C:\Users\assingh\.m2\repository\org\apache\tomcat\embed\tomcat-embed-core\9.0.36\tomcat-embed-core-9.0.36.jar;C:\Users\assingh\.m2\repository\org\glassfish\jakarta.el\3.0.3\jakarta.el-3.0.3.jar;C:\Users\assingh\.m2\repository\org\apache\tomcat\embed\tomcat-embed-websocket\9.0.36\tomcat-embed-websocket-9.0.36.jar;C:\Users\assingh\.m2\repository\org\springframework\boot\spring-boot-starter-validation\2.3.1.RELEASE\spring-boot-starter-validation-2.3.1.RELEASE.jar;C:\Users\assingh\.m2\repository\org\hibernate\validator\hibernate-validator\6.1.5.Final\hibernate-validator-6.1.5.Final.jar;C:\Users\assingh\.m2\repository\org\springframework\spring-web\5.2.7.RELEASE\spring-web-5.2.7.RELEASE.jar;C:\Users\assingh\.m2\repository\org\springframework\spring-bean
Launcher Type: SUN_STANDARD

Environment Variables:
PATH=C:\Users\assingh\Documents\Softwares\jdk1.8.0_45\jre\bin;C:/Users/assingh/Documents/Softwares/jdk1.8.0_45/jre/bin/server;C:/Users/assingh/Documents/Softwares/jdk1.8.0_45/jre/bin;C:/Users/assingh/Documents/Softwares/jdk1.8.0_45/jre/lib/amd64;C:\Program Files\P4CM\P4CM_3_0_0;C:\Program Files (x86)\Common Files\Oracle\Java\javapath;C:\Windows\system32;C:\Windows;C:\Windows\System32\Wbem;C:\Windows\System32\WindowsPowerShell\v1.0\;C:\Windows\System32\OpenSSH\;C:\Program Files\Perforce;C:\Program Files\Perforce\DVCS\;C:\Program Files\nodejs\;C:\Users\assingh\AppData\Local\Microsoft\WindowsApps;C:\Users\assingh\Documents\Softwares\jdk1.8.0_45\bin;C:\Users\assingh\AppData\Local\Programs\Microsoft VS Code\bin;C:\Users\assingh\AppData\Roaming\npm;C:\Program Files\nodejs;;C:\Windows\system32;
USERNAME=assingh
OS=Windows_NT
PROCESSOR_IDENTIFIER=Intel64 Family 6 Model 142 Stepping 9, GenuineIntel



---------------  S Y S T E M  ---------------

OS: Windows 10.0 , 64 bit Build 18362 (10.0.18362.900)

CPU:total 4 (2 cores per cpu, 2 threads per core) family 6 model 142 stepping 9, cmov, cx8, fxsr, mmx, sse, sse2, sse3, ssse3, sse4.1, sse4.2, popcnt, avx, avx2, aes, clmul, erms, rtm, 3dnowpref, lzcnt, ht, tsc, tscinvbit, bmi1, bmi2, adx

Memory: 4k page, physical 16658808k(8575520k free), swap 19149176k(8149716k free)

vm_info: Java HotSpot(TM) 64-Bit Server VM (25.45-b02) for windows-amd64 JRE (1.8.0_45-b15), built on Apr 30 2015 12:40:44 by "java_re" with MS VC++ 10.0 (VS2010)

time: Tue Jun 16 21:22:33 2020
elapsed time: 160 seconds (0d 0h 2m 40s)

